<?xml version="1.0" encoding="UTF-8"?>
<!-- Generated by org.testng.reporters.JUnitXMLReporter -->
<testsuite hostname="AMX_Common_Sys_M8" ignored="1" name="Default test" tests="2" failures="0" timestamp="01 Mar 2018 06:56:07 GMT" time="9.399" errors="0">
  <testcase name="sendAttachmentMail" time="5.395" classname="utils.SendMail"/>
  <testcase name="sendFailureMail" time="3.98" classname="utils.SendMail"/>
  <testcase name="sendSuccessMail" time="0.0" classname="utils.SendMail">
    <ignored/>
  </testcase> <!-- sendSuccessMail -->
</testsuite> <!-- Default test -->
