<?xml version="1.0" encoding="UTF-8"?>
<!-- Generated by org.testng.reporters.JUnitXMLReporter -->
<testsuite hostname="AMX_Common_Sys_M8" ignored="0" name="Test" tests="4" failures="0" timestamp="28 Feb 2018 06:37:07 GMT" time="0.106" errors="0">
  <testcase name="checkTC001" time="0.008" classname="testcases.TC003"/>
  <testcase name="checkTC001" time="0.012" classname="testcases.TC003"/>
  <testcase name="checkTC001" time="0.013" classname="testcases.TC003"/>
  <testcase name="checkTC001" time="0.023" classname="testcases.TC003"/>
</testsuite> <!-- Test -->
