<?xml version="1.0" encoding="UTF-8"?>
<testng-results skipped="0" failed="0" ignored="1" total="3" passed="2">
  <reporter-output>
  </reporter-output>
  <suite name="Default suite" duration-ms="9399" started-at="2018-03-01T06:55:58Z" finished-at="2018-03-01T06:56:07Z">
    <groups>
    </groups>
    <test name="Default test" duration-ms="9399" started-at="2018-03-01T06:55:58Z" finished-at="2018-03-01T06:56:07Z">
      <class name="utils.SendMail">
        <test-method status="PASS" signature="sendAttachmentMail()[pri:0, instance:utils.SendMail@27efef64]" name="sendAttachmentMail" duration-ms="5395" started-at="2018-03-01T12:25:58Z" finished-at="2018-03-01T12:26:03Z">
          <reporter-output>
          </reporter-output>
        </test-method> <!-- sendAttachmentMail -->
        <test-method status="PASS" signature="sendFailureMail()[pri:0, instance:utils.SendMail@27efef64]" name="sendFailureMail" duration-ms="3980" started-at="2018-03-01T12:26:03Z" finished-at="2018-03-01T12:26:07Z">
          <reporter-output>
          </reporter-output>
        </test-method> <!-- sendFailureMail -->
      </class> <!-- utils.SendMail -->
    </test> <!-- Default test -->
  </suite> <!-- Default suite -->
</testng-results>
